   0  $accept : %entry% $end

   1  main : line main
   2       | line
   3       | EOF

   4  line : INIT_LINE init_expr
   5       | OBS_LINE obs_expr
   6       | STORY_LINE story_expr
   7       | MODIF_LINE modif_expr
   8       | GEN_LINE gen_expr
   9       | CONC_LINE gen_expr
  10       | BEGIN_MAC_LINE macro_def
  11       | END_MAC_LINE newline
  12       | EXPAND_MAC_LINE macro_call
  13       | newline2
  14       | named_rule_expr
  15       | error

  16  modif_expr : concentration_ineq DO assignement newline
  17             | time_ineq DO assignement newline
  18             | error

  19  assignement : LABEL SET assign_expr
  20              | LABEL SET error

  21  assign_expr : OP_PAR assign_expr CL_PAR
  22              | assign_val MULT assign_expr
  23              | assign_val PLUS assign_expr
  24              | assign_val DIVIDE assign_expr
  25              | assign_val

  26  assign_val : FLOAT
  27             | INT
  28             | INFINITY
  29             | LABEL
  30             | id

  31  concentration_ineq : conc_expr GREATER conc_expr
  32                     | conc_expr SMALLER conc_expr

  33  conc_expr : OP_PAR conc_expr CL_PAR
  34            | conc_val MULT conc_expr
  35            | conc_val DIVIDE conc_expr
  36            | conc_val PLUS conc_expr
  37            | conc_val

  38  conc_val : FLOAT
  39           | INT
  40           | OP_CONC LABEL CL_CONC
  41           | OP_CONC error

  42  time_ineq : TIME GREATER FLOAT
  43            | TIME GREATER INT
  44            | TIME error

  45  init_expr : newline
  46            | mult_sol_expr newline

  47  mult_sol_expr : INT MULT ne_sol_expr
  48                | FLOAT MULT ne_sol_expr
  49                | ne_sol_expr

  50  ne_sol_expr : OP_PAR ne_sol_expr CL_PAR
  51              | agent_expr
  52              | ne_sol_expr COMMA agent_expr

  53  agent_expr : id OP_PAR interface_expr CL_PAR
  54             | id OP_PAR interface_expr error

  55  interface_expr :
  56                 | id state_expr link_expr
  57                 | id state_expr link_expr COMMA interface_expr

  58  state_expr :
  59             | KAPPA_MRK id

  60  link_expr :
  61            | KAPPA_LNK INT
  62            | KAPPA_LNK KAPPA_SEMI
  63            | KAPPA_LNK error
  64            | KAPPA_WLD

  65  obs_expr : LABEL newline
  66           | ne_sol_expr newline
  67           | LABEL ne_sol_expr newline

  68  story_expr : LABEL newline

  69  named_rule_expr : LABEL rule_expr newline
  70                  | rule_expr newline

  71  sol_expr :
  72           | ne_sol_expr

  73  rule_expr : sol_expr KAPPA_RAR sol_expr kin_expr1 constraint_expr
  74            | sol_expr KAPPA_LRAR sol_expr kin_expr2 constraint_expr

  75  constraint_expr :
  76                  | OP_CONC cstr_list CL_CONC

  77  cstr_list :
  78            | id
  79            | id SEMICOLON cstr_list

  80  kin_expr1 :
  81            | AT var_kin intra_rate
  82            | AT error

  83  kin_expr2 :
  84            | AT var_kin intra_rate COMMA var_kin
  85            | AT error

  86  var_kin : KAPPA_WLD
  87          | FLOAT
  88          | INFINITY
  89          | INT

  90  intra_rate :
  91             | OP_PAR FLOAT CL_PAR
  92             | OP_PAR INT CL_PAR
  93             | OP_PAR INFINITY CL_PAR

  94  gen_expr : agent_expr newline
  95           | id EQUAL id newline
  96           | id EQUAL id OP_CONC instruction_list CL_CONC newline

  97  instruction_list :
  98                   | instruction_ne_list

  99  instruction_ne_list : instruction
 100                      | instruction instruction_ne_list

 101  instruction : PLUS id
 102              | MINUS id
 103              | subs
 104              | id SET id

 105  subs : id subs_symbol OP_ACC id_list CL_ACC
 106       | OP_ACC id_list CL_ACC subs_symbol id

 107  id_list :
 108          | id_non_empty_list

 109  id_non_empty_list : id
 110                    | id id_non_empty_list

 111  newline : NEWLINE
 112          | COMMENT
 113          | EOF

 114  newline2 : NEWLINE
 115           | COMMENT

 116  id : ID
 117     | ID INSTANCE INT

 118  macro_def : id OP_PAR idlistcomma CL_PAR newline

 119  macro_call : id OP_PAR idlistlist CL_PAR newline

 120  idlistcomma :
 121              | ne_idlistcomma

 122  ne_idlistcomma : id
 123                 | id COMMA ne_idlistcomma

 124  idlist :
 125         | ne_idlist

 126  ne_idlist : id
 127            | id ne_idlist

 128  idlistlist :
 129             | ne_idlistlist

 130  ne_idlistlist : ne_idlist
 131                | idlist COMMA idlistlist

 132  subs_symbol : DIVIDE
 133              | ANTISLASH

 134  %entry% : '\001' main

state 0
	$accept : . %entry% $end  (0)

	'\001'  shift 1
	.  error

	%entry%  goto 2


state 1
	%entry% : '\001' . main  (134)
	sol_expr : .  (71)

	error  shift 3
	INIT_LINE  shift 4
	OBS_LINE  shift 5
	STORY_LINE  shift 6
	NEWLINE  shift 7
	MODIF_LINE  shift 8
	GEN_LINE  shift 9
	CONC_LINE  shift 10
	BEGIN_MAC_LINE  shift 11
	END_MAC_LINE  shift 12
	EXPAND_MAC_LINE  shift 13
	EOF  shift 14
	OP_PAR  shift 15
	ID  shift 16
	LABEL  shift 17
	COMMENT  shift 18
	KAPPA_LRAR  reduce 71
	KAPPA_RAR  reduce 71

	main  goto 19
	line  goto 20
	newline2  goto 21
	named_rule_expr  goto 22
	id  goto 23
	ne_sol_expr  goto 24
	agent_expr  goto 25
	rule_expr  goto 26
	sol_expr  goto 27


state 2
	$accept : %entry% . $end  (0)

	$end  accept


state 3
	line : error .  (15)

	.  reduce 15


state 4
	line : INIT_LINE . init_expr  (4)

	NEWLINE  shift 28
	EOF  shift 29
	OP_PAR  shift 15
	INT  shift 30
	FLOAT  shift 31
	ID  shift 16
	COMMENT  shift 32
	.  error

	init_expr  goto 33
	newline  goto 34
	id  goto 23
	mult_sol_expr  goto 35
	ne_sol_expr  goto 36
	agent_expr  goto 25


state 5
	line : OBS_LINE . obs_expr  (5)

	OP_PAR  shift 15
	ID  shift 16
	LABEL  shift 37
	.  error

	obs_expr  goto 38
	id  goto 23
	ne_sol_expr  goto 39
	agent_expr  goto 25


state 6
	line : STORY_LINE . story_expr  (6)

	LABEL  shift 40
	.  error

	story_expr  goto 41


state 7
	newline2 : NEWLINE .  (114)

	.  reduce 114


state 8
	line : MODIF_LINE . modif_expr  (7)

	error  shift 42
	TIME  shift 43
	OP_PAR  shift 44
	OP_CONC  shift 45
	INT  shift 46
	FLOAT  shift 47
	.  error

	modif_expr  goto 48
	concentration_ineq  goto 49
	time_ineq  goto 50
	conc_expr  goto 51
	conc_val  goto 52


state 9
	line : GEN_LINE . gen_expr  (8)

	ID  shift 16
	.  error

	gen_expr  goto 53
	id  goto 54
	agent_expr  goto 55


state 10
	line : CONC_LINE . gen_expr  (9)

	ID  shift 16
	.  error

	gen_expr  goto 56
	id  goto 54
	agent_expr  goto 55


state 11
	line : BEGIN_MAC_LINE . macro_def  (10)

	ID  shift 16
	.  error

	macro_def  goto 57
	id  goto 58


state 12
	line : END_MAC_LINE . newline  (11)

	NEWLINE  shift 28
	EOF  shift 29
	COMMENT  shift 32
	.  error

	newline  goto 59


state 13
	line : EXPAND_MAC_LINE . macro_call  (12)

	ID  shift 16
	.  error

	macro_call  goto 60
	id  goto 61


state 14
	main : EOF .  (3)

	.  reduce 3


state 15
	ne_sol_expr : OP_PAR . ne_sol_expr CL_PAR  (50)

	OP_PAR  shift 15
	ID  shift 16
	.  error

	id  goto 23
	ne_sol_expr  goto 62
	agent_expr  goto 25


state 16
	id : ID .  (116)
	id : ID . INSTANCE INT  (117)

	INSTANCE  shift 63
	error  reduce 116
	NEWLINE  reduce 116
	EOF  reduce 116
	MULT  reduce 116
	DIVIDE  reduce 116
	ANTISLASH  reduce 116
	PLUS  reduce 116
	MINUS  reduce 116
	COMMA  reduce 116
	SEMICOLON  reduce 116
	SET  reduce 116
	EQUAL  reduce 116
	KAPPA_LNK  reduce 116
	KAPPA_WLD  reduce 116
	OP_PAR  reduce 116
	CL_PAR  reduce 116
	OP_CONC  reduce 116
	CL_CONC  reduce 116
	OP_ACC  reduce 116
	CL_ACC  reduce 116
	ID  reduce 116
	KAPPA_MRK  reduce 116
	COMMENT  reduce 116


state 17
	named_rule_expr : LABEL . rule_expr newline  (69)
	sol_expr : .  (71)

	OP_PAR  shift 15
	ID  shift 16
	KAPPA_LRAR  reduce 71
	KAPPA_RAR  reduce 71

	id  goto 23
	ne_sol_expr  goto 24
	agent_expr  goto 25
	rule_expr  goto 64
	sol_expr  goto 27


state 18
	newline2 : COMMENT .  (115)

	.  reduce 115


state 19
	%entry% : '\001' main .  (134)

	.  reduce 134


state 20
	main : line . main  (1)
	main : line .  (2)
	sol_expr : .  (71)

	error  shift 3
	INIT_LINE  shift 4
	OBS_LINE  shift 5
	STORY_LINE  shift 6
	NEWLINE  shift 7
	MODIF_LINE  shift 8
	GEN_LINE  shift 9
	CONC_LINE  shift 10
	BEGIN_MAC_LINE  shift 11
	END_MAC_LINE  shift 12
	EXPAND_MAC_LINE  shift 13
	EOF  shift 14
	OP_PAR  shift 15
	ID  shift 16
	LABEL  shift 17
	COMMENT  shift 18
	$end  reduce 2
	KAPPA_LRAR  reduce 71
	KAPPA_RAR  reduce 71

	main  goto 65
	line  goto 20
	newline2  goto 21
	named_rule_expr  goto 22
	id  goto 23
	ne_sol_expr  goto 24
	agent_expr  goto 25
	rule_expr  goto 26
	sol_expr  goto 27


state 21
	line : newline2 .  (13)

	.  reduce 13


state 22
	line : named_rule_expr .  (14)

	.  reduce 14


state 23
	agent_expr : id . OP_PAR interface_expr CL_PAR  (53)
	agent_expr : id . OP_PAR interface_expr error  (54)

	OP_PAR  shift 66
	.  error


state 24
	ne_sol_expr : ne_sol_expr . COMMA agent_expr  (52)
	sol_expr : ne_sol_expr .  (72)

	COMMA  shift 67
	NEWLINE  reduce 72
	EOF  reduce 72
	AT  reduce 72
	KAPPA_LRAR  reduce 72
	KAPPA_RAR  reduce 72
	OP_CONC  reduce 72
	COMMENT  reduce 72


state 25
	ne_sol_expr : agent_expr .  (51)

	.  reduce 51


state 26
	named_rule_expr : rule_expr . newline  (70)

	NEWLINE  shift 28
	EOF  shift 29
	COMMENT  shift 32
	.  error

	newline  goto 68


state 27
	rule_expr : sol_expr . KAPPA_RAR sol_expr kin_expr1 constraint_expr  (73)
	rule_expr : sol_expr . KAPPA_LRAR sol_expr kin_expr2 constraint_expr  (74)

	KAPPA_LRAR  shift 69
	KAPPA_RAR  shift 70
	.  error


state 28
	newline : NEWLINE .  (111)

	.  reduce 111


state 29
	newline : EOF .  (113)

	.  reduce 113


state 30
	mult_sol_expr : INT . MULT ne_sol_expr  (47)

	MULT  shift 71
	.  error


state 31
	mult_sol_expr : FLOAT . MULT ne_sol_expr  (48)

	MULT  shift 72
	.  error


state 32
	newline : COMMENT .  (112)

	.  reduce 112


state 33
	line : INIT_LINE init_expr .  (4)

	.  reduce 4


state 34
	init_expr : newline .  (45)

	.  reduce 45


state 35
	init_expr : mult_sol_expr . newline  (46)

	NEWLINE  shift 28
	EOF  shift 29
	COMMENT  shift 32
	.  error

	newline  goto 73


state 36
	mult_sol_expr : ne_sol_expr .  (49)
	ne_sol_expr : ne_sol_expr . COMMA agent_expr  (52)

	COMMA  shift 67
	NEWLINE  reduce 49
	EOF  reduce 49
	COMMENT  reduce 49


state 37
	obs_expr : LABEL . newline  (65)
	obs_expr : LABEL . ne_sol_expr newline  (67)

	NEWLINE  shift 28
	EOF  shift 29
	OP_PAR  shift 15
	ID  shift 16
	COMMENT  shift 32
	.  error

	newline  goto 74
	id  goto 23
	ne_sol_expr  goto 75
	agent_expr  goto 25


state 38
	line : OBS_LINE obs_expr .  (5)

	.  reduce 5


state 39
	ne_sol_expr : ne_sol_expr . COMMA agent_expr  (52)
	obs_expr : ne_sol_expr . newline  (66)

	NEWLINE  shift 28
	EOF  shift 29
	COMMA  shift 67
	COMMENT  shift 32
	.  error

	newline  goto 76


state 40
	story_expr : LABEL . newline  (68)

	NEWLINE  shift 28
	EOF  shift 29
	COMMENT  shift 32
	.  error

	newline  goto 77


state 41
	line : STORY_LINE story_expr .  (6)

	.  reduce 6


state 42
	modif_expr : error .  (18)

	.  reduce 18


state 43
	time_ineq : TIME . GREATER FLOAT  (42)
	time_ineq : TIME . GREATER INT  (43)
	time_ineq : TIME . error  (44)

	error  shift 78
	GREATER  shift 79
	.  error


state 44
	conc_expr : OP_PAR . conc_expr CL_PAR  (33)

	OP_PAR  shift 44
	OP_CONC  shift 45
	INT  shift 46
	FLOAT  shift 47
	.  error

	conc_expr  goto 80
	conc_val  goto 52


state 45
	conc_val : OP_CONC . LABEL CL_CONC  (40)
	conc_val : OP_CONC . error  (41)

	error  shift 81
	LABEL  shift 82
	.  error


state 46
	conc_val : INT .  (39)

	.  reduce 39


state 47
	conc_val : FLOAT .  (38)

	.  reduce 38


state 48
	line : MODIF_LINE modif_expr .  (7)

	.  reduce 7


state 49
	modif_expr : concentration_ineq . DO assignement newline  (16)

	DO  shift 83
	.  error


state 50
	modif_expr : time_ineq . DO assignement newline  (17)

	DO  shift 84
	.  error


state 51
	concentration_ineq : conc_expr . GREATER conc_expr  (31)
	concentration_ineq : conc_expr . SMALLER conc_expr  (32)

	GREATER  shift 85
	SMALLER  shift 86
	.  error


state 52
	conc_expr : conc_val . MULT conc_expr  (34)
	conc_expr : conc_val . DIVIDE conc_expr  (35)
	conc_expr : conc_val . PLUS conc_expr  (36)
	conc_expr : conc_val .  (37)

	MULT  shift 87
	DIVIDE  shift 88
	PLUS  shift 89
	GREATER  reduce 37
	SMALLER  reduce 37
	DO  reduce 37
	CL_PAR  reduce 37


state 53
	line : GEN_LINE gen_expr .  (8)

	.  reduce 8


state 54
	agent_expr : id . OP_PAR interface_expr CL_PAR  (53)
	agent_expr : id . OP_PAR interface_expr error  (54)
	gen_expr : id . EQUAL id newline  (95)
	gen_expr : id . EQUAL id OP_CONC instruction_list CL_CONC newline  (96)

	EQUAL  shift 90
	OP_PAR  shift 66
	.  error


state 55
	gen_expr : agent_expr . newline  (94)

	NEWLINE  shift 28
	EOF  shift 29
	COMMENT  shift 32
	.  error

	newline  goto 91


state 56
	line : CONC_LINE gen_expr .  (9)

	.  reduce 9


state 57
	line : BEGIN_MAC_LINE macro_def .  (10)

	.  reduce 10


state 58
	macro_def : id . OP_PAR idlistcomma CL_PAR newline  (118)

	OP_PAR  shift 92
	.  error


state 59
	line : END_MAC_LINE newline .  (11)

	.  reduce 11


state 60
	line : EXPAND_MAC_LINE macro_call .  (12)

	.  reduce 12


state 61
	macro_call : id . OP_PAR idlistlist CL_PAR newline  (119)

	OP_PAR  shift 93
	.  error


state 62
	ne_sol_expr : OP_PAR ne_sol_expr . CL_PAR  (50)
	ne_sol_expr : ne_sol_expr . COMMA agent_expr  (52)

	COMMA  shift 67
	CL_PAR  shift 94
	.  error


state 63
	id : ID INSTANCE . INT  (117)

	INT  shift 95
	.  error


state 64
	named_rule_expr : LABEL rule_expr . newline  (69)

	NEWLINE  shift 28
	EOF  shift 29
	COMMENT  shift 32
	.  error

	newline  goto 96


state 65
	main : line main .  (1)

	.  reduce 1


state 66
	agent_expr : id OP_PAR . interface_expr CL_PAR  (53)
	agent_expr : id OP_PAR . interface_expr error  (54)
	interface_expr : .  (55)

	ID  shift 16
	error  reduce 55
	CL_PAR  reduce 55

	id  goto 97
	interface_expr  goto 98


state 67
	ne_sol_expr : ne_sol_expr COMMA . agent_expr  (52)

	ID  shift 16
	.  error

	id  goto 23
	agent_expr  goto 99


state 68
	named_rule_expr : rule_expr newline .  (70)

	.  reduce 70


state 69
	rule_expr : sol_expr KAPPA_LRAR . sol_expr kin_expr2 constraint_expr  (74)
	sol_expr : .  (71)

	OP_PAR  shift 15
	ID  shift 16
	NEWLINE  reduce 71
	EOF  reduce 71
	AT  reduce 71
	OP_CONC  reduce 71
	COMMENT  reduce 71

	id  goto 23
	ne_sol_expr  goto 24
	agent_expr  goto 25
	sol_expr  goto 100


state 70
	rule_expr : sol_expr KAPPA_RAR . sol_expr kin_expr1 constraint_expr  (73)
	sol_expr : .  (71)

	OP_PAR  shift 15
	ID  shift 16
	NEWLINE  reduce 71
	EOF  reduce 71
	AT  reduce 71
	OP_CONC  reduce 71
	COMMENT  reduce 71

	id  goto 23
	ne_sol_expr  goto 24
	agent_expr  goto 25
	sol_expr  goto 101


state 71
	mult_sol_expr : INT MULT . ne_sol_expr  (47)

	OP_PAR  shift 15
	ID  shift 16
	.  error

	id  goto 23
	ne_sol_expr  goto 102
	agent_expr  goto 25


state 72
	mult_sol_expr : FLOAT MULT . ne_sol_expr  (48)

	OP_PAR  shift 15
	ID  shift 16
	.  error

	id  goto 23
	ne_sol_expr  goto 103
	agent_expr  goto 25


state 73
	init_expr : mult_sol_expr newline .  (46)

	.  reduce 46


state 74
	obs_expr : LABEL newline .  (65)

	.  reduce 65


state 75
	ne_sol_expr : ne_sol_expr . COMMA agent_expr  (52)
	obs_expr : LABEL ne_sol_expr . newline  (67)

	NEWLINE  shift 28
	EOF  shift 29
	COMMA  shift 67
	COMMENT  shift 32
	.  error

	newline  goto 104


state 76
	obs_expr : ne_sol_expr newline .  (66)

	.  reduce 66


state 77
	story_expr : LABEL newline .  (68)

	.  reduce 68


state 78
	time_ineq : TIME error .  (44)

	.  reduce 44


state 79
	time_ineq : TIME GREATER . FLOAT  (42)
	time_ineq : TIME GREATER . INT  (43)

	INT  shift 105
	FLOAT  shift 106
	.  error


state 80
	conc_expr : OP_PAR conc_expr . CL_PAR  (33)

	CL_PAR  shift 107
	.  error


state 81
	conc_val : OP_CONC error .  (41)

	.  reduce 41


state 82
	conc_val : OP_CONC LABEL . CL_CONC  (40)

	CL_CONC  shift 108
	.  error


state 83
	modif_expr : concentration_ineq DO . assignement newline  (16)

	LABEL  shift 109
	.  error

	assignement  goto 110


state 84
	modif_expr : time_ineq DO . assignement newline  (17)

	LABEL  shift 109
	.  error

	assignement  goto 111


state 85
	concentration_ineq : conc_expr GREATER . conc_expr  (31)

	OP_PAR  shift 44
	OP_CONC  shift 45
	INT  shift 46
	FLOAT  shift 47
	.  error

	conc_expr  goto 112
	conc_val  goto 52


state 86
	concentration_ineq : conc_expr SMALLER . conc_expr  (32)

	OP_PAR  shift 44
	OP_CONC  shift 45
	INT  shift 46
	FLOAT  shift 47
	.  error

	conc_expr  goto 113
	conc_val  goto 52


state 87
	conc_expr : conc_val MULT . conc_expr  (34)

	OP_PAR  shift 44
	OP_CONC  shift 45
	INT  shift 46
	FLOAT  shift 47
	.  error

	conc_expr  goto 114
	conc_val  goto 52


state 88
	conc_expr : conc_val DIVIDE . conc_expr  (35)

	OP_PAR  shift 44
	OP_CONC  shift 45
	INT  shift 46
	FLOAT  shift 47
	.  error

	conc_expr  goto 115
	conc_val  goto 52


state 89
	conc_expr : conc_val PLUS . conc_expr  (36)

	OP_PAR  shift 44
	OP_CONC  shift 45
	INT  shift 46
	FLOAT  shift 47
	.  error

	conc_expr  goto 116
	conc_val  goto 52


state 90
	gen_expr : id EQUAL . id newline  (95)
	gen_expr : id EQUAL . id OP_CONC instruction_list CL_CONC newline  (96)

	ID  shift 16
	.  error

	id  goto 117


state 91
	gen_expr : agent_expr newline .  (94)

	.  reduce 94


state 92
	macro_def : id OP_PAR . idlistcomma CL_PAR newline  (118)
	idlistcomma : .  (120)

	ID  shift 16
	CL_PAR  reduce 120

	id  goto 118
	idlistcomma  goto 119
	ne_idlistcomma  goto 120


state 93
	macro_call : id OP_PAR . idlistlist CL_PAR newline  (119)
	idlist : .  (124)
	idlistlist : .  (128)

	ID  shift 16
	COMMA  reduce 124
	CL_PAR  reduce 128

	id  goto 121
	idlistlist  goto 122
	idlist  goto 123
	ne_idlist  goto 124
	ne_idlistlist  goto 125


state 94
	ne_sol_expr : OP_PAR ne_sol_expr CL_PAR .  (50)

	.  reduce 50


state 95
	id : ID INSTANCE INT .  (117)

	.  reduce 117


state 96
	named_rule_expr : LABEL rule_expr newline .  (69)

	.  reduce 69


state 97
	interface_expr : id . state_expr link_expr  (56)
	interface_expr : id . state_expr link_expr COMMA interface_expr  (57)
	state_expr : .  (58)

	KAPPA_MRK  shift 126
	error  reduce 58
	COMMA  reduce 58
	KAPPA_LNK  reduce 58
	KAPPA_WLD  reduce 58
	CL_PAR  reduce 58

	state_expr  goto 127


state 98
	agent_expr : id OP_PAR interface_expr . CL_PAR  (53)
	agent_expr : id OP_PAR interface_expr . error  (54)

	error  shift 128
	CL_PAR  shift 129
	.  error


state 99
	ne_sol_expr : ne_sol_expr COMMA agent_expr .  (52)

	.  reduce 52


state 100
	rule_expr : sol_expr KAPPA_LRAR sol_expr . kin_expr2 constraint_expr  (74)
	kin_expr2 : .  (83)

	AT  shift 130
	NEWLINE  reduce 83
	EOF  reduce 83
	OP_CONC  reduce 83
	COMMENT  reduce 83

	kin_expr2  goto 131


state 101
	rule_expr : sol_expr KAPPA_RAR sol_expr . kin_expr1 constraint_expr  (73)
	kin_expr1 : .  (80)

	AT  shift 132
	NEWLINE  reduce 80
	EOF  reduce 80
	OP_CONC  reduce 80
	COMMENT  reduce 80

	kin_expr1  goto 133


state 102
	mult_sol_expr : INT MULT ne_sol_expr .  (47)
	ne_sol_expr : ne_sol_expr . COMMA agent_expr  (52)

	COMMA  shift 67
	NEWLINE  reduce 47
	EOF  reduce 47
	COMMENT  reduce 47


state 103
	mult_sol_expr : FLOAT MULT ne_sol_expr .  (48)
	ne_sol_expr : ne_sol_expr . COMMA agent_expr  (52)

	COMMA  shift 67
	NEWLINE  reduce 48
	EOF  reduce 48
	COMMENT  reduce 48


state 104
	obs_expr : LABEL ne_sol_expr newline .  (67)

	.  reduce 67


state 105
	time_ineq : TIME GREATER INT .  (43)

	.  reduce 43


state 106
	time_ineq : TIME GREATER FLOAT .  (42)

	.  reduce 42


state 107
	conc_expr : OP_PAR conc_expr CL_PAR .  (33)

	.  reduce 33


state 108
	conc_val : OP_CONC LABEL CL_CONC .  (40)

	.  reduce 40


state 109
	assignement : LABEL . SET assign_expr  (19)
	assignement : LABEL . SET error  (20)

	SET  shift 134
	.  error


state 110
	modif_expr : concentration_ineq DO assignement . newline  (16)

	NEWLINE  shift 28
	EOF  shift 29
	COMMENT  shift 32
	.  error

	newline  goto 135


state 111
	modif_expr : time_ineq DO assignement . newline  (17)

	NEWLINE  shift 28
	EOF  shift 29
	COMMENT  shift 32
	.  error

	newline  goto 136


state 112
	concentration_ineq : conc_expr GREATER conc_expr .  (31)

	.  reduce 31


state 113
	concentration_ineq : conc_expr SMALLER conc_expr .  (32)

	.  reduce 32


state 114
	conc_expr : conc_val MULT conc_expr .  (34)

	.  reduce 34


state 115
	conc_expr : conc_val DIVIDE conc_expr .  (35)

	.  reduce 35


state 116
	conc_expr : conc_val PLUS conc_expr .  (36)

	.  reduce 36


state 117
	gen_expr : id EQUAL id . newline  (95)
	gen_expr : id EQUAL id . OP_CONC instruction_list CL_CONC newline  (96)

	NEWLINE  shift 28
	EOF  shift 29
	OP_CONC  shift 137
	COMMENT  shift 32
	.  error

	newline  goto 138


state 118
	ne_idlistcomma : id .  (122)
	ne_idlistcomma : id . COMMA ne_idlistcomma  (123)

	COMMA  shift 139
	CL_PAR  reduce 122


state 119
	macro_def : id OP_PAR idlistcomma . CL_PAR newline  (118)

	CL_PAR  shift 140
	.  error


state 120
	idlistcomma : ne_idlistcomma .  (121)

	.  reduce 121


state 121
	ne_idlist : id .  (126)
	ne_idlist : id . ne_idlist  (127)

	ID  shift 16
	COMMA  reduce 126
	CL_PAR  reduce 126

	id  goto 121
	ne_idlist  goto 141


state 122
	macro_call : id OP_PAR idlistlist . CL_PAR newline  (119)

	CL_PAR  shift 142
	.  error


state 123
	ne_idlistlist : idlist . COMMA idlistlist  (131)

	COMMA  shift 143
	.  error


state 124
	idlist : ne_idlist .  (125)
	ne_idlistlist : ne_idlist .  (130)

	COMMA  reduce 125
	CL_PAR  reduce 130


state 125
	idlistlist : ne_idlistlist .  (129)

	.  reduce 129


state 126
	state_expr : KAPPA_MRK . id  (59)

	ID  shift 16
	.  error

	id  goto 144


state 127
	interface_expr : id state_expr . link_expr  (56)
	interface_expr : id state_expr . link_expr COMMA interface_expr  (57)
	link_expr : .  (60)

	KAPPA_LNK  shift 145
	KAPPA_WLD  shift 146
	error  reduce 60
	COMMA  reduce 60
	CL_PAR  reduce 60

	link_expr  goto 147


state 128
	agent_expr : id OP_PAR interface_expr error .  (54)

	.  reduce 54


state 129
	agent_expr : id OP_PAR interface_expr CL_PAR .  (53)

	.  reduce 53


state 130
	kin_expr2 : AT . var_kin intra_rate COMMA var_kin  (84)
	kin_expr2 : AT . error  (85)

	error  shift 148
	INFINITY  shift 149
	KAPPA_WLD  shift 150
	INT  shift 151
	FLOAT  shift 152
	.  error

	var_kin  goto 153


state 131
	rule_expr : sol_expr KAPPA_LRAR sol_expr kin_expr2 . constraint_expr  (74)
	constraint_expr : .  (75)

	OP_CONC  shift 154
	NEWLINE  reduce 75
	EOF  reduce 75
	COMMENT  reduce 75

	constraint_expr  goto 155


state 132
	kin_expr1 : AT . var_kin intra_rate  (81)
	kin_expr1 : AT . error  (82)

	error  shift 156
	INFINITY  shift 149
	KAPPA_WLD  shift 150
	INT  shift 151
	FLOAT  shift 152
	.  error

	var_kin  goto 157


state 133
	rule_expr : sol_expr KAPPA_RAR sol_expr kin_expr1 . constraint_expr  (73)
	constraint_expr : .  (75)

	OP_CONC  shift 154
	NEWLINE  reduce 75
	EOF  reduce 75
	COMMENT  reduce 75

	constraint_expr  goto 158


state 134
	assignement : LABEL SET . assign_expr  (19)
	assignement : LABEL SET . error  (20)

	error  shift 159
	INFINITY  shift 160
	OP_PAR  shift 161
	INT  shift 162
	FLOAT  shift 163
	ID  shift 16
	LABEL  shift 164
	.  error

	assign_expr  goto 165
	assign_val  goto 166
	id  goto 167


state 135
	modif_expr : concentration_ineq DO assignement newline .  (16)

	.  reduce 16


state 136
	modif_expr : time_ineq DO assignement newline .  (17)

	.  reduce 17


state 137
	gen_expr : id EQUAL id OP_CONC . instruction_list CL_CONC newline  (96)
	instruction_list : .  (97)

	PLUS  shift 168
	MINUS  shift 169
	OP_ACC  shift 170
	ID  shift 16
	CL_CONC  reduce 97

	id  goto 171
	instruction_list  goto 172
	instruction_ne_list  goto 173
	instruction  goto 174
	subs  goto 175


state 138
	gen_expr : id EQUAL id newline .  (95)

	.  reduce 95


state 139
	ne_idlistcomma : id COMMA . ne_idlistcomma  (123)

	ID  shift 16
	.  error

	id  goto 118
	ne_idlistcomma  goto 176


state 140
	macro_def : id OP_PAR idlistcomma CL_PAR . newline  (118)

	NEWLINE  shift 28
	EOF  shift 29
	COMMENT  shift 32
	.  error

	newline  goto 177


state 141
	ne_idlist : id ne_idlist .  (127)

	.  reduce 127


state 142
	macro_call : id OP_PAR idlistlist CL_PAR . newline  (119)

	NEWLINE  shift 28
	EOF  shift 29
	COMMENT  shift 32
	.  error

	newline  goto 178


state 143
	ne_idlistlist : idlist COMMA . idlistlist  (131)
	idlist : .  (124)
	idlistlist : .  (128)

	ID  shift 16
	COMMA  reduce 124
	CL_PAR  reduce 128

	id  goto 121
	idlistlist  goto 179
	idlist  goto 123
	ne_idlist  goto 124
	ne_idlistlist  goto 125


state 144
	state_expr : KAPPA_MRK id .  (59)

	.  reduce 59


state 145
	link_expr : KAPPA_LNK . INT  (61)
	link_expr : KAPPA_LNK . KAPPA_SEMI  (62)
	link_expr : KAPPA_LNK . error  (63)

	error  shift 180
	KAPPA_SEMI  shift 181
	INT  shift 182
	.  error


state 146
	link_expr : KAPPA_WLD .  (64)

	.  reduce 64


state 147
	interface_expr : id state_expr link_expr .  (56)
	interface_expr : id state_expr link_expr . COMMA interface_expr  (57)

	COMMA  shift 183
	error  reduce 56
	CL_PAR  reduce 56


state 148
	kin_expr2 : AT error .  (85)

	.  reduce 85


state 149
	var_kin : INFINITY .  (88)

	.  reduce 88


state 150
	var_kin : KAPPA_WLD .  (86)

	.  reduce 86


state 151
	var_kin : INT .  (89)

	.  reduce 89


state 152
	var_kin : FLOAT .  (87)

	.  reduce 87


state 153
	kin_expr2 : AT var_kin . intra_rate COMMA var_kin  (84)
	intra_rate : .  (90)

	OP_PAR  shift 184
	COMMA  reduce 90

	intra_rate  goto 185


state 154
	constraint_expr : OP_CONC . cstr_list CL_CONC  (76)
	cstr_list : .  (77)

	ID  shift 16
	CL_CONC  reduce 77

	id  goto 186
	cstr_list  goto 187


state 155
	rule_expr : sol_expr KAPPA_LRAR sol_expr kin_expr2 constraint_expr .  (74)

	.  reduce 74


state 156
	kin_expr1 : AT error .  (82)

	.  reduce 82


state 157
	kin_expr1 : AT var_kin . intra_rate  (81)
	intra_rate : .  (90)

	OP_PAR  shift 184
	NEWLINE  reduce 90
	EOF  reduce 90
	OP_CONC  reduce 90
	COMMENT  reduce 90

	intra_rate  goto 188


state 158
	rule_expr : sol_expr KAPPA_RAR sol_expr kin_expr1 constraint_expr .  (73)

	.  reduce 73


state 159
	assignement : LABEL SET error .  (20)

	.  reduce 20


state 160
	assign_val : INFINITY .  (28)

	.  reduce 28


state 161
	assign_expr : OP_PAR . assign_expr CL_PAR  (21)

	INFINITY  shift 160
	OP_PAR  shift 161
	INT  shift 162
	FLOAT  shift 163
	ID  shift 16
	LABEL  shift 164
	.  error

	assign_expr  goto 189
	assign_val  goto 166
	id  goto 167


state 162
	assign_val : INT .  (27)

	.  reduce 27


state 163
	assign_val : FLOAT .  (26)

	.  reduce 26


state 164
	assign_val : LABEL .  (29)

	.  reduce 29


state 165
	assignement : LABEL SET assign_expr .  (19)

	.  reduce 19


state 166
	assign_expr : assign_val . MULT assign_expr  (22)
	assign_expr : assign_val . PLUS assign_expr  (23)
	assign_expr : assign_val . DIVIDE assign_expr  (24)
	assign_expr : assign_val .  (25)

	MULT  shift 190
	DIVIDE  shift 191
	PLUS  shift 192
	NEWLINE  reduce 25
	EOF  reduce 25
	CL_PAR  reduce 25
	COMMENT  reduce 25


state 167
	assign_val : id .  (30)

	.  reduce 30


state 168
	instruction : PLUS . id  (101)

	ID  shift 16
	.  error

	id  goto 193


state 169
	instruction : MINUS . id  (102)

	ID  shift 16
	.  error

	id  goto 194


state 170
	subs : OP_ACC . id_list CL_ACC subs_symbol id  (106)
	id_list : .  (107)

	ID  shift 16
	CL_ACC  reduce 107

	id  goto 195
	id_list  goto 196
	id_non_empty_list  goto 197


state 171
	instruction : id . SET id  (104)
	subs : id . subs_symbol OP_ACC id_list CL_ACC  (105)

	DIVIDE  shift 198
	ANTISLASH  shift 199
	SET  shift 200
	.  error

	subs_symbol  goto 201


state 172
	gen_expr : id EQUAL id OP_CONC instruction_list . CL_CONC newline  (96)

	CL_CONC  shift 202
	.  error


state 173
	instruction_list : instruction_ne_list .  (98)

	.  reduce 98


state 174
	instruction_ne_list : instruction .  (99)
	instruction_ne_list : instruction . instruction_ne_list  (100)

	PLUS  shift 168
	MINUS  shift 169
	OP_ACC  shift 170
	ID  shift 16
	CL_CONC  reduce 99

	id  goto 171
	instruction_ne_list  goto 203
	instruction  goto 174
	subs  goto 175


state 175
	instruction : subs .  (103)

	.  reduce 103


state 176
	ne_idlistcomma : id COMMA ne_idlistcomma .  (123)

	.  reduce 123


state 177
	macro_def : id OP_PAR idlistcomma CL_PAR newline .  (118)

	.  reduce 118


state 178
	macro_call : id OP_PAR idlistlist CL_PAR newline .  (119)

	.  reduce 119


state 179
	ne_idlistlist : idlist COMMA idlistlist .  (131)

	.  reduce 131


state 180
	link_expr : KAPPA_LNK error .  (63)

	.  reduce 63


state 181
	link_expr : KAPPA_LNK KAPPA_SEMI .  (62)

	.  reduce 62


state 182
	link_expr : KAPPA_LNK INT .  (61)

	.  reduce 61


state 183
	interface_expr : id state_expr link_expr COMMA . interface_expr  (57)
	interface_expr : .  (55)

	ID  shift 16
	error  reduce 55
	CL_PAR  reduce 55

	id  goto 97
	interface_expr  goto 204


state 184
	intra_rate : OP_PAR . FLOAT CL_PAR  (91)
	intra_rate : OP_PAR . INT CL_PAR  (92)
	intra_rate : OP_PAR . INFINITY CL_PAR  (93)

	INFINITY  shift 205
	INT  shift 206
	FLOAT  shift 207
	.  error


state 185
	kin_expr2 : AT var_kin intra_rate . COMMA var_kin  (84)

	COMMA  shift 208
	.  error


state 186
	cstr_list : id .  (78)
	cstr_list : id . SEMICOLON cstr_list  (79)

	SEMICOLON  shift 209
	CL_CONC  reduce 78


state 187
	constraint_expr : OP_CONC cstr_list . CL_CONC  (76)

	CL_CONC  shift 210
	.  error


state 188
	kin_expr1 : AT var_kin intra_rate .  (81)

	.  reduce 81


state 189
	assign_expr : OP_PAR assign_expr . CL_PAR  (21)

	CL_PAR  shift 211
	.  error


state 190
	assign_expr : assign_val MULT . assign_expr  (22)

	INFINITY  shift 160
	OP_PAR  shift 161
	INT  shift 162
	FLOAT  shift 163
	ID  shift 16
	LABEL  shift 164
	.  error

	assign_expr  goto 212
	assign_val  goto 166
	id  goto 167


state 191
	assign_expr : assign_val DIVIDE . assign_expr  (24)

	INFINITY  shift 160
	OP_PAR  shift 161
	INT  shift 162
	FLOAT  shift 163
	ID  shift 16
	LABEL  shift 164
	.  error

	assign_expr  goto 213
	assign_val  goto 166
	id  goto 167


state 192
	assign_expr : assign_val PLUS . assign_expr  (23)

	INFINITY  shift 160
	OP_PAR  shift 161
	INT  shift 162
	FLOAT  shift 163
	ID  shift 16
	LABEL  shift 164
	.  error

	assign_expr  goto 214
	assign_val  goto 166
	id  goto 167


state 193
	instruction : PLUS id .  (101)

	.  reduce 101


state 194
	instruction : MINUS id .  (102)

	.  reduce 102


state 195
	id_non_empty_list : id .  (109)
	id_non_empty_list : id . id_non_empty_list  (110)

	ID  shift 16
	CL_ACC  reduce 109

	id  goto 195
	id_non_empty_list  goto 215


state 196
	subs : OP_ACC id_list . CL_ACC subs_symbol id  (106)

	CL_ACC  shift 216
	.  error


state 197
	id_list : id_non_empty_list .  (108)

	.  reduce 108


state 198
	subs_symbol : DIVIDE .  (132)

	.  reduce 132


state 199
	subs_symbol : ANTISLASH .  (133)

	.  reduce 133


state 200
	instruction : id SET . id  (104)

	ID  shift 16
	.  error

	id  goto 217


state 201
	subs : id subs_symbol . OP_ACC id_list CL_ACC  (105)

	OP_ACC  shift 218
	.  error


state 202
	gen_expr : id EQUAL id OP_CONC instruction_list CL_CONC . newline  (96)

	NEWLINE  shift 28
	EOF  shift 29
	COMMENT  shift 32
	.  error

	newline  goto 219


state 203
	instruction_ne_list : instruction instruction_ne_list .  (100)

	.  reduce 100


state 204
	interface_expr : id state_expr link_expr COMMA interface_expr .  (57)

	.  reduce 57


state 205
	intra_rate : OP_PAR INFINITY . CL_PAR  (93)

	CL_PAR  shift 220
	.  error


state 206
	intra_rate : OP_PAR INT . CL_PAR  (92)

	CL_PAR  shift 221
	.  error


state 207
	intra_rate : OP_PAR FLOAT . CL_PAR  (91)

	CL_PAR  shift 222
	.  error


state 208
	kin_expr2 : AT var_kin intra_rate COMMA . var_kin  (84)

	INFINITY  shift 149
	KAPPA_WLD  shift 150
	INT  shift 151
	FLOAT  shift 152
	.  error

	var_kin  goto 223


state 209
	cstr_list : id SEMICOLON . cstr_list  (79)
	cstr_list : .  (77)

	ID  shift 16
	CL_CONC  reduce 77

	id  goto 186
	cstr_list  goto 224


state 210
	constraint_expr : OP_CONC cstr_list CL_CONC .  (76)

	.  reduce 76


state 211
	assign_expr : OP_PAR assign_expr CL_PAR .  (21)

	.  reduce 21


state 212
	assign_expr : assign_val MULT assign_expr .  (22)

	.  reduce 22


state 213
	assign_expr : assign_val DIVIDE assign_expr .  (24)

	.  reduce 24


state 214
	assign_expr : assign_val PLUS assign_expr .  (23)

	.  reduce 23


state 215
	id_non_empty_list : id id_non_empty_list .  (110)

	.  reduce 110


state 216
	subs : OP_ACC id_list CL_ACC . subs_symbol id  (106)

	DIVIDE  shift 198
	ANTISLASH  shift 199
	.  error

	subs_symbol  goto 225


state 217
	instruction : id SET id .  (104)

	.  reduce 104


state 218
	subs : id subs_symbol OP_ACC . id_list CL_ACC  (105)
	id_list : .  (107)

	ID  shift 16
	CL_ACC  reduce 107

	id  goto 195
	id_list  goto 226
	id_non_empty_list  goto 197


state 219
	gen_expr : id EQUAL id OP_CONC instruction_list CL_CONC newline .  (96)

	.  reduce 96


state 220
	intra_rate : OP_PAR INFINITY CL_PAR .  (93)

	.  reduce 93


state 221
	intra_rate : OP_PAR INT CL_PAR .  (92)

	.  reduce 92


state 222
	intra_rate : OP_PAR FLOAT CL_PAR .  (91)

	.  reduce 91


state 223
	kin_expr2 : AT var_kin intra_rate COMMA var_kin .  (84)

	.  reduce 84


state 224
	cstr_list : id SEMICOLON cstr_list .  (79)

	.  reduce 79


state 225
	subs : OP_ACC id_list CL_ACC subs_symbol . id  (106)

	ID  shift 16
	.  error

	id  goto 227


state 226
	subs : id subs_symbol OP_ACC id_list . CL_ACC  (105)

	CL_ACC  shift 228
	.  error


state 227
	subs : OP_ACC id_list CL_ACC subs_symbol id .  (106)

	.  reduce 106


state 228
	subs : id subs_symbol OP_ACC id_list CL_ACC .  (105)

	.  reduce 105


49 terminals, 49 nonterminals
135 grammar rules, 229 states
